Checking None for explicit credentials as part of auth process...
Checking Cloud SDK credentials as part of auth process...
No project ID could be determined. Consider running `gcloud config set project` or setting the GOOGLE_CLOUD_PROJECT environment variable
Starting new HTTPS connection (1): oauth2.googleapis.com:443
https://oauth2.googleapis.com:443 "POST /token HTTP/1.1" 200 None
Converted retries value: 3 -> Retry(total=3, connect=None, read=None, redirect=None, status=None)
Starting new HTTPS connection (1): bigquery.googleapis.com:443
https://bigquery.googleapis.com:443 "POST /bigquery/v2/projects/portfolio-402/jobs?prettyPrint=false HTTP/1.1" 200 None
https://bigquery.googleapis.com:443 "POST /bigquery/v2/projects/portfolio-402/jobs?prettyPrint=false HTTP/1.1" 200 None
https://bigquery.googleapis.com:443 "GET /bigquery/v2/projects/portfolio-402/queries/154ff67a-590d-4134-816e-49c573b067ee?maxResults=0&location=US&prettyPrint=false HTTP/1.1" 200 None
https://bigquery.googleapis.com:443 "POST /bigquery/v2/projects/portfolio-402/jobs?prettyPrint=false HTTP/1.1" 200 None
https://bigquery.googleapis.com:443 "GET /bigquery/v2/projects/portfolio-402/queries/45763585-227c-4f5c-8c5c-2f98cc506afa?maxResults=0&location=US&prettyPrint=false HTTP/1.1" 200 None
https://bigquery.googleapis.com:443 "POST /bigquery/v2/projects/portfolio-402/jobs?prettyPrint=false HTTP/1.1" 200 None
https://bigquery.googleapis.com:443 "POST /bigquery/v2/projects/portfolio-402/jobs?prettyPrint=false HTTP/1.1" 200 None
https://bigquery.googleapis.com:443 "GET /bigquery/v2/projects/portfolio-402/queries/5595125c-29e6-4268-b3ed-e1afe0abf94b?maxResults=0&location=US&prettyPrint=false HTTP/1.1" 200 None
https://bigquery.googleapis.com:443 "POST /bigquery/v2/projects/portfolio-402/jobs?prettyPrint=false HTTP/1.1" 200 None
https://bigquery.googleapis.com:443 "POST /bigquery/v2/projects/portfolio-402/jobs?prettyPrint=false HTTP/1.1" 200 None
https://bigquery.googleapis.com:443 "GET /bigquery/v2/projects/portfolio-402/queries/22af9d23-3020-4699-b84d-2d7bca7caa94?maxResults=0&location=US&prettyPrint=false HTTP/1.1" 200 None
https://bigquery.googleapis.com:443 "POST /bigquery/v2/projects/portfolio-402/jobs?prettyPrint=false HTTP/1.1" 200 None
https://bigquery.googleapis.com:443 "POST /bigquery/v2/projects/portfolio-402/jobs?prettyPrint=false HTTP/1.1" 200 None
https://bigquery.googleapis.com:443 "GET /bigquery/v2/projects/portfolio-402/jobs/5fd83925-cffd-4768-8b11-818ca2f8601d?projection=full&location=US&prettyPrint=false HTTP/1.1" 200 None
https://bigquery.googleapis.com:443 "GET /bigquery/v2/projects/portfolio-402/queries/5fd83925-cffd-4768-8b11-818ca2f8601d?maxResults=0&location=US&prettyPrint=false HTTP/1.1" 200 None
https://bigquery.googleapis.com:443 "GET /bigquery/v2/projects/portfolio-402/jobs/5fd83925-cffd-4768-8b11-818ca2f8601d?projection=full&location=US&prettyPrint=false HTTP/1.1" 200 None
https://bigquery.googleapis.com:443 "POST /bigquery/v2/projects/portfolio-402/jobs?prettyPrint=false HTTP/1.1" 200 None
https://bigquery.googleapis.com:443 "POST /bigquery/v2/projects/portfolio-402/jobs?prettyPrint=false HTTP/1.1" 200 None
Secure audit mode: Direct database query via Ibis (no file export)
Phase 'connection' completed in 0.000s
Table UID: portfolio-402.dbt_prod.fct_avaibility_part
Table type: BASE TABLE
Table has 3,877,353 rows
Partitioned by: collected_at (TIME)
Clustered by: station_code
Phase 'metadata' completed in 0.011s
Optimized column loading: selecting 14/14 columns
Phase 'column_selection' completed in 0.001s
Sampling 10,000 rows from table using 'random' method
https://bigquery.googleapis.com:443 "GET /bigquery/v2/projects/portfolio-402/datasets/dbt_prod/tables/fct_avaibility_part?prettyPrint=false HTTP/1.1" 200 None
https://bigquery.googleapis.com:443 "POST /bigquery/v2/projects/portfolio-402/jobs?prettyPrint=false HTTP/1.1" 200 None
https://bigquery.googleapis.com:443 "GET /bigquery/v2/projects/portfolio-402/jobs/18d31100-3245-4130-b492-cab911d500ca?projection=full&location=US&prettyPrint=false HTTP/1.1" 200 None
https://bigquery.googleapis.com:443 "GET /bigquery/v2/projects/portfolio-402/queries/18d31100-3245-4130-b492-cab911d500ca?maxResults=0&location=US&prettyPrint=false HTTP/1.1" 200 None
https://bigquery.googleapis.com:443 "GET /bigquery/v2/projects/portfolio-402/jobs/18d31100-3245-4130-b492-cab911d500ca?projection=full&location=US&prettyPrint=false HTTP/1.1" 200 None
Loaded 10,000 rows into memory
Phase 'data_loading' completed in 4.243s
============================================================
Auditing: fct_avaibility_part
Total rows in table: 3,877,353
Analyzing sample: 10,000 rows
============================================================
Attempting type conversions on 2 string column(s)...
  ✓ test_convert: string → int64 (100.0% success)
Successfully converted 1 column(s) to more specific types
Using selector: KqueueSelector
Using selector: KqueueSelector
Using selector: KqueueSelector
Using selector: KqueueSelector
Using selector: KqueueSelector
Using selector: KqueueSelector
Using selector: KqueueSelector
Using selector: KqueueSelector
Using selector: KqueueSelector
Using selector: KqueueSelector
Using selector: KqueueSelector
Audit Duration Breakdown:
  • numeric_checks: 0.008s
  • string_checks: 0.024s
  • date_checks: 0.012s
  • Total: 0.14s
Phase 'audit_checks' completed in 0.136s
Secure audit mode: Direct database query via Ibis (no file export)
Phase 'connection' completed in 0.000s
Table UID: portfolio-402.dbt_prod.dim_station
Table type: BASE TABLE
Table has 1,587 rows
Primary key from config: station_code
Phase 'metadata' completed in 0.002s
Optimized column loading: selecting 9/9 columns
Phase 'column_selection' completed in 0.000s
https://bigquery.googleapis.com:443 "GET /bigquery/v2/projects/portfolio-402/datasets/dbt_prod/tables/dim_station?prettyPrint=false HTTP/1.1" 200 None
https://bigquery.googleapis.com:443 "POST /bigquery/v2/projects/portfolio-402/jobs?prettyPrint=false HTTP/1.1" 200 None
https://bigquery.googleapis.com:443 "GET /bigquery/v2/projects/portfolio-402/queries/21b6b36d-599d-4840-aac9-2d75acb074b8?maxResults=0&location=US&prettyPrint=false HTTP/1.1" 200 None
Loaded 1,587 rows into memory
Phase 'data_loading' completed in 2.200s
============================================================
Auditing: dim_station
Total rows in table: 1,587
============================================================
Attempting type conversions on 2 string column(s)...
No string columns could be converted (threshold: 95%)
Using selector: KqueueSelector
Using selector: KqueueSelector
Using selector: KqueueSelector
Using selector: KqueueSelector
Using selector: KqueueSelector
Using selector: KqueueSelector
Using selector: KqueueSelector
Using selector: KqueueSelector
Potential primary key column(s): station_code, lat
Audit Duration Breakdown:
  • numeric_checks: 0.004s
  • string_checks: 0.013s
  • Total: 0.05s
Phase 'audit_checks' completed in 0.046s
