Checking None for explicit credentials as part of auth process...
Checking Cloud SDK credentials as part of auth process...
No project ID could be determined. Consider running `gcloud config set project` or setting the GOOGLE_CLOUD_PROJECT environment variable
Starting new HTTPS connection (1): oauth2.googleapis.com:443
https://oauth2.googleapis.com:443 "POST /token HTTP/1.1" 200 None
Converted retries value: 3 -> Retry(total=3, connect=None, read=None, redirect=None, status=None)
Starting new HTTPS connection (1): bigquery.googleapis.com:443
https://bigquery.googleapis.com:443 "POST /bigquery/v2/projects/portfolio-402/jobs?prettyPrint=false HTTP/1.1" 200 None
https://bigquery.googleapis.com:443 "POST /bigquery/v2/projects/portfolio-402/jobs?prettyPrint=false HTTP/1.1" 200 None
https://bigquery.googleapis.com:443 "GET /bigquery/v2/projects/portfolio-402/queries/793d0672-57e3-407e-94e7-c9c836d279a2?maxResults=0&location=US&prettyPrint=false HTTP/1.1" 200 None
https://bigquery.googleapis.com:443 "POST /bigquery/v2/projects/portfolio-402/jobs?prettyPrint=false HTTP/1.1" 200 None
https://bigquery.googleapis.com:443 "GET /bigquery/v2/projects/portfolio-402/queries/945ed1da-a663-4592-aad4-33aab9d11873?maxResults=0&location=US&prettyPrint=false HTTP/1.1" 200 None
https://bigquery.googleapis.com:443 "POST /bigquery/v2/projects/portfolio-402/jobs?prettyPrint=false HTTP/1.1" 200 None
https://bigquery.googleapis.com:443 "POST /bigquery/v2/projects/portfolio-402/jobs?prettyPrint=false HTTP/1.1" 200 None
https://bigquery.googleapis.com:443 "GET /bigquery/v2/projects/portfolio-402/queries/3ef4778a-5b1b-4766-bed4-909b62a996f8?maxResults=0&location=US&prettyPrint=false HTTP/1.1" 200 None
https://bigquery.googleapis.com:443 "POST /bigquery/v2/projects/portfolio-402/jobs?prettyPrint=false HTTP/1.1" 200 None
https://bigquery.googleapis.com:443 "POST /bigquery/v2/projects/portfolio-402/jobs?prettyPrint=false HTTP/1.1" 200 None
https://bigquery.googleapis.com:443 "GET /bigquery/v2/projects/portfolio-402/queries/d7dc0f5c-2589-4cae-8eae-be3edb317226?maxResults=0&location=US&prettyPrint=false HTTP/1.1" 200 None
https://bigquery.googleapis.com:443 "POST /bigquery/v2/projects/portfolio-402/jobs?prettyPrint=false HTTP/1.1" 200 None
https://bigquery.googleapis.com:443 "POST /bigquery/v2/projects/portfolio-402/jobs?prettyPrint=false HTTP/1.1" 200 None
https://bigquery.googleapis.com:443 "GET /bigquery/v2/projects/portfolio-402/jobs/40f68f59-edd9-4109-9d77-d511da34fd35?projection=full&location=US&prettyPrint=false HTTP/1.1" 200 None
https://bigquery.googleapis.com:443 "GET /bigquery/v2/projects/portfolio-402/queries/40f68f59-edd9-4109-9d77-d511da34fd35?maxResults=0&location=US&prettyPrint=false HTTP/1.1" 200 None
https://bigquery.googleapis.com:443 "GET /bigquery/v2/projects/portfolio-402/jobs/40f68f59-edd9-4109-9d77-d511da34fd35?projection=full&location=US&prettyPrint=false HTTP/1.1" 200 None
https://bigquery.googleapis.com:443 "POST /bigquery/v2/projects/portfolio-402/jobs?prettyPrint=false HTTP/1.1" 200 None
https://bigquery.googleapis.com:443 "POST /bigquery/v2/projects/portfolio-402/jobs?prettyPrint=false HTTP/1.1" 200 None
Secure audit mode: Direct database query via Ibis (no file export)
Phase 'connection' completed in 0.000s
Table UID: portfolio-402.dbt_prod.fct_avaibility_part
Table type: BASE TABLE
Table has 3,877,353 rows
Partitioned by: collected_at (TIME)
Clustered by: station_code
Phase 'metadata' completed in 0.010s
Optimized column loading: selecting 14/14 columns
Phase 'column_selection' completed in 0.000s
Sampling 10,000 rows from table using 'random' method
https://bigquery.googleapis.com:443 "GET /bigquery/v2/projects/portfolio-402/datasets/dbt_prod/tables/fct_avaibility_part?prettyPrint=false HTTP/1.1" 200 None
https://bigquery.googleapis.com:443 "POST /bigquery/v2/projects/portfolio-402/jobs?prettyPrint=false HTTP/1.1" 200 None
https://bigquery.googleapis.com:443 "GET /bigquery/v2/projects/portfolio-402/jobs/f57569a8-6ccd-4767-90b5-658fb01cc655?projection=full&location=US&prettyPrint=false HTTP/1.1" 200 None
https://bigquery.googleapis.com:443 "GET /bigquery/v2/projects/portfolio-402/queries/f57569a8-6ccd-4767-90b5-658fb01cc655?maxResults=0&location=US&prettyPrint=false HTTP/1.1" 200 None
Loaded 10,000 rows into memory
Phase 'data_loading' completed in 3.882s
============================================================
Auditing: fct_avaibility_part
Total rows in table: 3,877,353
Analyzing sample: 10,000 rows
============================================================
Attempting type conversions on 2 string column(s)...
  ✓ test_convert: string → int64 (100.0% success)
Successfully converted 1 column(s) to more specific types
Using selector: KqueueSelector
Using selector: KqueueSelector
Using selector: KqueueSelector
Using selector: KqueueSelector
Using selector: KqueueSelector
Using selector: KqueueSelector
Using selector: KqueueSelector
Using selector: KqueueSelector
Using selector: KqueueSelector
Using selector: KqueueSelector
Audit Duration Breakdown:
  • numeric_checks: 0.006s
  • string_checks: 0.025s
  • date_checks: 0.011s
  • Total: 0.13s
Phase 'audit_checks' completed in 0.128s
Secure audit mode: Direct database query via Ibis (no file export)
Phase 'connection' completed in 0.000s
Table UID: portfolio-402.dbt_prod.dim_station
Table type: BASE TABLE
Table has 1,587 rows
Primary key from config: station_code
Phase 'metadata' completed in 0.001s
Optimized column loading: selecting 9/9 columns
Phase 'column_selection' completed in 0.000s
https://bigquery.googleapis.com:443 "GET /bigquery/v2/projects/portfolio-402/datasets/dbt_prod/tables/dim_station?prettyPrint=false HTTP/1.1" 200 None
https://bigquery.googleapis.com:443 "POST /bigquery/v2/projects/portfolio-402/jobs?prettyPrint=false HTTP/1.1" 200 None
https://bigquery.googleapis.com:443 "GET /bigquery/v2/projects/portfolio-402/queries/5ab83bf9-e621-4777-a7f8-50eca53281c4?maxResults=0&location=US&prettyPrint=false HTTP/1.1" 200 None
Loaded 1,587 rows into memory
Phase 'data_loading' completed in 2.470s
============================================================
Auditing: dim_station
Total rows in table: 1,587
============================================================
Attempting type conversions on 2 string column(s)...
No string columns could be converted (threshold: 95%)
Using selector: KqueueSelector
Using selector: KqueueSelector
Using selector: KqueueSelector
Using selector: KqueueSelector
Using selector: KqueueSelector
Using selector: KqueueSelector
Using selector: KqueueSelector
Potential primary key column(s): station_code, lat
Audit Duration Breakdown:
  • numeric_checks: 0.002s
  • string_checks: 0.010s
  • Total: 0.03s
Phase 'audit_checks' completed in 0.035s
