Checking None for explicit credentials as part of auth process...
Checking Cloud SDK credentials as part of auth process...
No project ID could be determined. Consider running `gcloud config set project` or setting the GOOGLE_CLOUD_PROJECT environment variable
Starting new HTTPS connection (1): oauth2.googleapis.com:443
https://oauth2.googleapis.com:443 "POST /token HTTP/1.1" 200 None
Converted retries value: 3 -> Retry(total=3, connect=None, read=None, redirect=None, status=None)
Starting new HTTPS connection (1): bigquery.googleapis.com:443
https://bigquery.googleapis.com:443 "POST /bigquery/v2/projects/portfolio-402/jobs?prettyPrint=false HTTP/1.1" 200 None
https://bigquery.googleapis.com:443 "POST /bigquery/v2/projects/portfolio-402/jobs?prettyPrint=false HTTP/1.1" 200 None
https://bigquery.googleapis.com:443 "GET /bigquery/v2/projects/portfolio-402/queries/91c02e75-22fd-4b00-9765-d704436b5d20?maxResults=0&location=US&prettyPrint=false HTTP/1.1" 200 None
https://bigquery.googleapis.com:443 "POST /bigquery/v2/projects/portfolio-402/jobs?prettyPrint=false HTTP/1.1" 200 None
https://bigquery.googleapis.com:443 "GET /bigquery/v2/projects/portfolio-402/queries/338eb2b8-8cdf-4a67-b7b0-de929adb3147?maxResults=0&location=US&prettyPrint=false HTTP/1.1" 200 None
https://bigquery.googleapis.com:443 "POST /bigquery/v2/projects/portfolio-402/jobs?prettyPrint=false HTTP/1.1" 200 None
https://bigquery.googleapis.com:443 "POST /bigquery/v2/projects/portfolio-402/jobs?prettyPrint=false HTTP/1.1" 200 None
https://bigquery.googleapis.com:443 "GET /bigquery/v2/projects/portfolio-402/queries/84a7b115-c834-41b6-a7c9-57f2a56d6e1f?maxResults=0&location=US&prettyPrint=false HTTP/1.1" 200 None
https://bigquery.googleapis.com:443 "POST /bigquery/v2/projects/portfolio-402/jobs?prettyPrint=false HTTP/1.1" 200 None
https://bigquery.googleapis.com:443 "POST /bigquery/v2/projects/portfolio-402/jobs?prettyPrint=false HTTP/1.1" 200 None
https://bigquery.googleapis.com:443 "GET /bigquery/v2/projects/portfolio-402/queries/6b0b4b0c-9d55-4861-93cc-ddbbde6c37a5?maxResults=0&location=US&prettyPrint=false HTTP/1.1" 200 None
https://bigquery.googleapis.com:443 "POST /bigquery/v2/projects/portfolio-402/jobs?prettyPrint=false HTTP/1.1" 200 None
https://bigquery.googleapis.com:443 "POST /bigquery/v2/projects/portfolio-402/jobs?prettyPrint=false HTTP/1.1" 200 None
https://bigquery.googleapis.com:443 "GET /bigquery/v2/projects/portfolio-402/jobs/3ede5819-60cd-4469-99d9-a2582c1849c9?projection=full&location=US&prettyPrint=false HTTP/1.1" 200 None
https://bigquery.googleapis.com:443 "GET /bigquery/v2/projects/portfolio-402/queries/3ede5819-60cd-4469-99d9-a2582c1849c9?maxResults=0&location=US&prettyPrint=false HTTP/1.1" 200 None
https://bigquery.googleapis.com:443 "GET /bigquery/v2/projects/portfolio-402/jobs/3ede5819-60cd-4469-99d9-a2582c1849c9?projection=full&location=US&prettyPrint=false HTTP/1.1" 200 None
https://bigquery.googleapis.com:443 "POST /bigquery/v2/projects/portfolio-402/jobs?prettyPrint=false HTTP/1.1" 200 None
https://bigquery.googleapis.com:443 "POST /bigquery/v2/projects/portfolio-402/jobs?prettyPrint=false HTTP/1.1" 200 None
Secure audit mode: Direct database query via Ibis (no file export)
Phase 'connection' completed in 0.000s
Table UID: portfolio-402.dbt_prod.fct_avaibility_part
Table type: BASE TABLE
Table has 3,877,353 rows
Partitioned by: collected_at (TIME)
Clustered by: station_code
Phase 'metadata' completed in 0.007s
Optimized column loading: selecting 14/14 columns
Phase 'column_selection' completed in 0.000s
Sampling 10,000 rows from table using 'random' method
https://bigquery.googleapis.com:443 "GET /bigquery/v2/projects/portfolio-402/datasets/dbt_prod/tables/fct_avaibility_part?prettyPrint=false HTTP/1.1" 200 None
https://bigquery.googleapis.com:443 "POST /bigquery/v2/projects/portfolio-402/jobs?prettyPrint=false HTTP/1.1" 200 None
https://bigquery.googleapis.com:443 "GET /bigquery/v2/projects/portfolio-402/jobs/72e8a19b-142d-416a-b495-9683c3e02b2d?projection=full&location=US&prettyPrint=false HTTP/1.1" 200 None
https://bigquery.googleapis.com:443 "GET /bigquery/v2/projects/portfolio-402/queries/72e8a19b-142d-416a-b495-9683c3e02b2d?maxResults=0&location=US&prettyPrint=false HTTP/1.1" 200 None
Loaded 10,000 rows into memory
Phase 'data_loading' completed in 3.913s
============================================================
Auditing: fct_avaibility_part
Total rows in table: 3,877,353
Analyzing sample: 10,000 rows
============================================================
Attempting type conversions on 2 string column(s)...
  ✓ test_convert: string → int64 (100.0% success)
Successfully converted 1 column(s) to more specific types
Using selector: KqueueSelector
Using selector: KqueueSelector
Using selector: KqueueSelector
Using selector: KqueueSelector
Using selector: KqueueSelector
Using selector: KqueueSelector
Using selector: KqueueSelector
Using selector: KqueueSelector
Using selector: KqueueSelector
Using selector: KqueueSelector
Using selector: KqueueSelector
Audit Duration Breakdown:
  • numeric_checks: 0.006s
  • string_checks: 0.022s
  • date_checks: 0.009s
  • Total: 0.12s
Phase 'audit_checks' completed in 0.123s
Secure audit mode: Direct database query via Ibis (no file export)
Phase 'connection' completed in 0.000s
Table UID: portfolio-402.dbt_prod.dim_station
Table type: BASE TABLE
Table has 1,587 rows
Primary key from config: station_code
Phase 'metadata' completed in 0.002s
Optimized column loading: selecting 9/9 columns
Phase 'column_selection' completed in 0.000s
https://bigquery.googleapis.com:443 "GET /bigquery/v2/projects/portfolio-402/datasets/dbt_prod/tables/dim_station?prettyPrint=false HTTP/1.1" 200 None
https://bigquery.googleapis.com:443 "POST /bigquery/v2/projects/portfolio-402/jobs?prettyPrint=false HTTP/1.1" 200 None
https://bigquery.googleapis.com:443 "GET /bigquery/v2/projects/portfolio-402/queries/6e537696-6842-4063-b11e-6e32f1172d61?maxResults=0&location=US&prettyPrint=false HTTP/1.1" 200 None
Loaded 1,587 rows into memory
Phase 'data_loading' completed in 2.505s
============================================================
Auditing: dim_station
Total rows in table: 1,587
============================================================
Attempting type conversions on 2 string column(s)...
No string columns could be converted (threshold: 95%)
Using selector: KqueueSelector
Using selector: KqueueSelector
Using selector: KqueueSelector
Using selector: KqueueSelector
Using selector: KqueueSelector
Using selector: KqueueSelector
Using selector: KqueueSelector
Using selector: KqueueSelector
Potential primary key column(s): station_code, lat
Audit Duration Breakdown:
  • numeric_checks: 0.003s
  • string_checks: 0.010s
  • Total: 0.04s
Phase 'audit_checks' completed in 0.041s
